# JRE version: OpenJDK Runtime Environment (8.0_152-b02) (build 1.8.0_152-release-1024-b02)
# Java VM: OpenJDK 64-Bit Server VM (25.152-b02 mixed mode windows-amd64 compressed oops)
Heap:
 PSYoungGen      total 195072K, used 28869K [0x00000000e0000000, 0x00000000edc80000, 0x0000000100000000)
  eden space 174592K, 13% used [0x00000000e0000000,0x00000000e16f9f50,0x00000000eaa80000)
  from space 20480K, 26% used [0x00000000ec880000,0x00000000ecdb7758,0x00000000edc80000)
  to   space 25600K, 0% used [0x00000000eaa80000,0x00000000eaa80000,0x00000000ec380000)
 ParOldGen       total 112128K, used 41644K [0x00000000a0000000, 0x00000000a6d80000, 0x00000000e0000000)
  object space 112128K, 37% used [0x00000000a0000000,0x00000000a28ab0e0,0x00000000a6d80000)
 Metaspace       used 67448K, capacity 69422K, committed 69504K, reserved 1110016K
  class space    used 8867K, capacity 9326K, committed 9344K, reserved 1048576K
GC Heap History (10 events):
Event: 181.783 GC heap before
{Heap before GC invocations=22 (full 3):
 PSYoungGen      total 139264K, used 139234K [0x00000000e0000000, 0x00000000e9e80000, 0x0000000100000000)
  eden space 127488K, 100% used [0x00000000e0000000,0x00000000e7c80000,0x00000000e7c80000)
  from space 11776K, 99% used [0x00000000e9080000,0x00000000e9bf8938,0x00000000e9c00000)
  to   space 17408K, 0% used [0x00000000e7c80000,0x00000000e7c80000,0x00000000e8d80000)
 ParOldGen       total 85504K, used 44949K [0x00000000a0000000, 0x00000000a5380000, 0x00000000e0000000)
  object space 85504K, 52% used [0x00000000a0000000,0x00000000a2be5688,0x00000000a5380000)
 Metaspace       used 66443K, capacity 68398K, committed 68736K, reserved 1107968K
  class space    used 8773K, capacity 9254K, committed 9344K, reserved 1048576K
Event: 181.899 GC heap after
Heap after GC invocations=22 (full 3):
 PSYoungGen      total 144896K, used 17400K [0x00000000e0000000, 0x00000000ebe80000, 0x0000000100000000)
  eden space 127488K, 0% used [0x00000000e0000000,0x00000000e0000000,0x00000000e7c80000)
  from space 17408K, 99% used [0x00000000e7c80000,0x00000000e8d7e390,0x00000000e8d80000)
  to   space 27136K, 0% used [0x00000000ea400000,0x00000000ea400000,0x00000000ebe80000)
 ParOldGen       total 85504K, used 64321K [0x00000000a0000000, 0x00000000a5380000, 0x00000000e0000000)
  object space 85504K, 75% used [0x00000000a0000000,0x00000000a3ed0648,0x00000000a5380000)
 Metaspace       used 66443K, capacity 68398K, committed 68736K, reserved 1107968K
  class space    used 8773K, capacity 9254K, committed 9344K, reserved 1048576K
}
Event: 182.228 GC heap before
{Heap before GC invocations=23 (full 3):
 PSYoungGen      total 144896K, used 144884K [0x00000000e0000000, 0x00000000ebe80000, 0x0000000100000000)
  eden space 127488K, 99% used [0x00000000e0000000,0x00000000e7c7ecb8,0x00000000e7c80000)
  from space 17408K, 99% used [0x00000000e7c80000,0x00000000e8d7e390,0x00000000e8d80000)
  to   space 27136K, 0% used [0x00000000ea400000,0x00000000ea400000,0x00000000ebe80000)
 ParOldGen       total 85504K, used 64321K [0x00000000a0000000, 0x00000000a5380000, 0x00000000e0000000)
  object space 85504K, 75% used [0x00000000a0000000,0x00000000a3ed0648,0x00000000a5380000)
 Metaspace       used 66701K, capacity 68654K, committed 68736K, reserved 1107968K
  class space    used 8814K, capacity 9268K, committed 9344K, reserved 1048576K
Event: 182.269 GC heap after
Heap after GC invocations=23 (full 3):
 PSYoungGen      total 167936K, used 1182K [0x00000000e0000000, 0x00000000ed200000, 0x0000000100000000)
  eden space 140800K, 0% used [0x00000000e0000000,0x00000000e0000000,0x00000000e8980000)
  from space 27136K, 4% used [0x00000000ea400000,0x00000000ea527938,0x00000000ebe80000)
  to   space 27136K, 0% used [0x00000000e8980000,0x00000000e8980000,0x00000000ea400000)
 ParOldGen       total 85504K, used 81190K [0x00000000a0000000, 0x00000000a5380000, 0x00000000e0000000)
  object space 85504K, 94% used [0x00000000a0000000,0x00000000a4f49b80,0x00000000a5380000)
 Metaspace       used 66701K, capacity 68654K, committed 68736K, reserved 1107968K
  class space    used 8814K, capacity 9268K, committed 9344K, reserved 1048576K
}
Event: 182.270 GC heap before
{Heap before GC invocations=24 (full 4):
 PSYoungGen      total 167936K, used 1182K [0x00000000e0000000, 0x00000000ed200000, 0x0000000100000000)
  eden space 140800K, 0% used [0x00000000e0000000,0x00000000e0000000,0x00000000e8980000)
  from space 27136K, 4% used [0x00000000ea400000,0x00000000ea527938,0x00000000ebe80000)
  to   space 27136K, 0% used [0x00000000e8980000,0x00000000e8980000,0x00000000ea400000)
 ParOldGen       total 85504K, used 81190K [0x00000000a0000000, 0x00000000a5380000, 0x00000000e0000000)
  object space 85504K, 94% used [0x00000000a0000000,0x00000000a4f49b80,0x00000000a5380000)
 Metaspace       used 66701K, capacity 68654K, committed 68736K, reserved 1107968K
  class space    used 8814K, capacity 9268K, committed 9344K, reserved 1048576K
Event: 182.591 GC heap after
Heap after GC invocations=24 (full 4):
 PSYoungGen      total 167936K, used 0K [0x00000000e0000000, 0x00000000ed200000, 0x0000000100000000)
  eden space 140800K, 0% used [0x00000000e0000000,0x00000000e0000000,0x00000000e8980000)
  from space 27136K, 0% used [0x00000000ea400000,0x00000000ea400000,0x00000000ebe80000)
  to   space 27136K, 0% used [0x00000000e8980000,0x00000000e8980000,0x00000000ea400000)
 ParOldGen       total 112128K, used 41612K [0x00000000a0000000, 0x00000000a6d80000, 0x00000000e0000000)
  object space 112128K, 37% used [0x00000000a0000000,0x00000000a28a30e0,0x00000000a6d80000)
 Metaspace       used 65980K, capacity 67900K, committed 68736K, reserved 1107968K
  class space    used 8737K, capacity 9163K, committed 9344K, reserved 1048576K
}
Event: 182.624 GC heap before
{Heap before GC invocations=25 (full 4):
 PSYoungGen      total 167936K, used 140652K [0x00000000e0000000, 0x00000000ed200000, 0x0000000100000000)
  eden space 140800K, 99% used [0x00000000e0000000,0x00000000e895b2d8,0x00000000e8980000)
  from space 27136K, 0% used [0x00000000ea400000,0x00000000ea400000,0x00000000ebe80000)
  to   space 27136K, 0% used [0x00000000e8980000,0x00000000e8980000,0x00000000ea400000)
 ParOldGen       total 112128K, used 41612K [0x00000000a0000000, 0x00000000a6d80000, 0x00000000e0000000)
  object space 112128K, 37% used [0x00000000a0000000,0x00000000a28a30e0,0x00000000a6d80000)
 Metaspace       used 65986K, capacity 67900K, committed 68736K, reserved 1107968K
  class space    used 8737K, capacity 9163K, committed 9344K, reserved 1048576K
Event: 182.628 GC heap after
Heap after GC invocations=25 (full 4):
 PSYoungGen      total 167936K, used 96K [0x00000000e0000000, 0x00000000ee300000, 0x0000000100000000)
  eden space 140800K, 0% used [0x00000000e0000000,0x00000000e0000000,0x00000000e8980000)
  from space 27136K, 0% used [0x00000000e8980000,0x00000000e8998000,0x00000000ea400000)
  to   space 27136K, 0% used [0x00000000ec880000,0x00000000ec880000,0x00000000ee300000)
 ParOldGen       total 112128K, used 41620K [0x00000000a0000000, 0x00000000a6d80000, 0x00000000e0000000)
  object space 112128K, 37% used [0x00000000a0000000,0x00000000a28a50e0,0x00000000a6d80000)
 Metaspace       used 65986K, capacity 67900K, committed 68736K, reserved 1107968K
  class space    used 8737K, capacity 9163K, committed 9344K, reserved 1048576K
}
Event: 221.879 GC heap before
{Heap before GC invocations=26 (full 4):
 PSYoungGen      total 167936K, used 140896K [0x00000000e0000000, 0x00000000ee300000, 0x0000000100000000)
  eden space 140800K, 100% used [0x00000000e0000000,0x00000000e8980000,0x00000000e8980000)
  from space 27136K, 0% used [0x00000000e8980000,0x00000000e8998000,0x00000000ea400000)
  to   space 27136K, 0% used [0x00000000ec880000,0x00000000ec880000,0x00000000ee300000)
 ParOldGen       total 112128K, used 41620K [0x00000000a0000000, 0x00000000a6d80000, 0x00000000e0000000)
  object space 112128K, 37% used [0x00000000a0000000,0x00000000a28a50e0,0x00000000a6d80000)
 Metaspace       used 67368K, capacity 69300K, committed 69504K, reserved 1110016K
  class space    used 8863K, capacity 9291K, committed 9344K, reserved 1048576K
Event: 221.908 GC heap after
Heap after GC invocations=26 (full 4):
 PSYoungGen      total 195072K, used 5341K [0x00000000e0000000, 0x00000000edc80000, 0x0000000100000000)
  eden space 174592K, 0% used [0x00000000e0000000,0x00000000e0000000,0x00000000eaa80000)
  from space 20480K, 26% used [0x00000000ec880000,0x00000000ecdb7758,0x00000000edc80000)
  to   space 25600K, 0% used [0x00000000eaa80000,0x00000000eaa80000,0x00000000ec380000)
 ParOldGen       total 112128K, used 41644K [0x00000000a0000000, 0x00000000a6d80000, 0x00000000e0000000)
  object space 112128K, 37% used [0x00000000a0000000,0x00000000a28ab0e0,0x00000000a6d80000)
 Metaspace       used 67368K, capacity 69300K, committed 69504K, reserved 1110016K
  class space    used 8863K, capacity 9291K, committed 9344K, reserved 1048576K
}

