# JRE version: OpenJDK Runtime Environment (8.0_152-b02) (build 1.8.0_152-release-1024-b02)
# Java VM: OpenJDK 64-Bit Server VM (25.152-b02 mixed mode windows-amd64 compressed oops)
Heap:
 PSYoungGen      total 185344K, used 30627K [0x00000000e0000000, 0x00000000ed100000, 0x0000000100000000)
  eden space 168960K, 18% used [0x00000000e0000000,0x00000000e1de8d98,0x00000000ea500000)
  from space 16384K, 0% used [0x00000000eb480000,0x00000000eb480000,0x00000000ec480000)
  to   space 15872K, 0% used [0x00000000ea500000,0x00000000ea500000,0x00000000eb480000)
 ParOldGen       total 79360K, used 32188K [0x00000000a0000000, 0x00000000a4d80000, 0x00000000e0000000)
  object space 79360K, 40% used [0x00000000a0000000,0x00000000a1f6f050,0x00000000a4d80000)
 Metaspace       used 58379K, capacity 60102K, committed 60376K, reserved 1101824K
  class space    used 7925K, capacity 8376K, committed 8448K, reserved 1048576K
GC Heap History (10 events):
Event: 53.716 GC heap before
{Heap before GC invocations=13 (full 2):
 PSYoungGen      total 103936K, used 4210K [0x00000000e0000000, 0x00000000e9a00000, 0x0000000100000000)
  eden space 94208K, 0% used [0x00000000e0000000,0x00000000e0000000,0x00000000e5c00000)
  from space 9728K, 43% used [0x00000000e5c00000,0x00000000e601cba8,0x00000000e6580000)
  to   space 9728K, 0% used [0x00000000e9080000,0x00000000e9080000,0x00000000e9a00000)
 ParOldGen       total 32256K, used 20057K [0x00000000a0000000, 0x00000000a1f80000, 0x00000000e0000000)
  object space 32256K, 62% used [0x00000000a0000000,0x00000000a13965c8,0x00000000a1f80000)
 Metaspace       used 34501K, capacity 35216K, committed 35416K, reserved 1079296K
  class space    used 4743K, capacity 4989K, committed 4992K, reserved 1048576K
Event: 54.103 GC heap after
Heap after GC invocations=13 (full 2):
 PSYoungGen      total 103936K, used 0K [0x00000000e0000000, 0x00000000e9a00000, 0x0000000100000000)
  eden space 94208K, 0% used [0x00000000e0000000,0x00000000e0000000,0x00000000e5c00000)
  from space 9728K, 0% used [0x00000000e5c00000,0x00000000e5c00000,0x00000000e6580000)
  to   space 9728K, 0% used [0x00000000e9080000,0x00000000e9080000,0x00000000e9a00000)
 ParOldGen       total 49664K, used 17604K [0x00000000a0000000, 0x00000000a3080000, 0x00000000e0000000)
  object space 49664K, 35% used [0x00000000a0000000,0x00000000a11313d0,0x00000000a3080000)
 Metaspace       used 34450K, capacity 35084K, committed 35416K, reserved 1079296K
  class space    used 4730K, capacity 4945K, committed 4992K, reserved 1048576K
}
Event: 59.108 GC heap before
{Heap before GC invocations=14 (full 2):
 PSYoungGen      total 103936K, used 94208K [0x00000000e0000000, 0x00000000e9a00000, 0x0000000100000000)
  eden space 94208K, 100% used [0x00000000e0000000,0x00000000e5c00000,0x00000000e5c00000)
  from space 9728K, 0% used [0x00000000e5c00000,0x00000000e5c00000,0x00000000e6580000)
  to   space 9728K, 0% used [0x00000000e9080000,0x00000000e9080000,0x00000000e9a00000)
 ParOldGen       total 49664K, used 17604K [0x00000000a0000000, 0x00000000a3080000, 0x00000000e0000000)
  object space 49664K, 35% used [0x00000000a0000000,0x00000000a11313d0,0x00000000a3080000)
 Metaspace       used 42752K, capacity 43584K, committed 43864K, reserved 1087488K
  class space    used 5744K, capacity 6011K, committed 6016K, reserved 1048576K
Event: 59.134 GC heap after
Heap after GC invocations=14 (full 2):
 PSYoungGen      total 137216K, used 9727K [0x00000000e0000000, 0x00000000e9a00000, 0x0000000100000000)
  eden space 127488K, 0% used [0x00000000e0000000,0x00000000e0000000,0x00000000e7c80000)
  from space 9728K, 99% used [0x00000000e9080000,0x00000000e99ffe98,0x00000000e9a00000)
  to   space 11264K, 0% used [0x00000000e8400000,0x00000000e8400000,0x00000000e8f00000)
 ParOldGen       total 49664K, used 18236K [0x00000000a0000000, 0x00000000a3080000, 0x00000000e0000000)
  object space 49664K, 36% used [0x00000000a0000000,0x00000000a11cf298,0x00000000a3080000)
 Metaspace       used 42752K, capacity 43584K, committed 43864K, reserved 1087488K
  class space    used 5744K, capacity 6011K, committed 6016K, reserved 1048576K
}
Event: 73.507 GC heap before
{Heap before GC invocations=15 (full 2):
 PSYoungGen      total 137216K, used 137215K [0x00000000e0000000, 0x00000000e9a00000, 0x0000000100000000)
  eden space 127488K, 100% used [0x00000000e0000000,0x00000000e7c80000,0x00000000e7c80000)
  from space 9728K, 99% used [0x00000000e9080000,0x00000000e99ffe98,0x00000000e9a00000)
  to   space 11264K, 0% used [0x00000000e8400000,0x00000000e8400000,0x00000000e8f00000)
 ParOldGen       total 49664K, used 18236K [0x00000000a0000000, 0x00000000a3080000, 0x00000000e0000000)
  object space 49664K, 36% used [0x00000000a0000000,0x00000000a11cf298,0x00000000a3080000)
 Metaspace       used 54550K, capacity 56106K, committed 56408K, reserved 1097728K
  class space    used 7278K, capacity 7733K, committed 7808K, reserved 1048576K
Event: 73.567 GC heap after
Heap after GC invocations=15 (full 2):
 PSYoungGen      total 146432K, used 11250K [0x00000000e0000000, 0x00000000ec480000, 0x0000000100000000)
  eden space 135168K, 0% used [0x00000000e0000000,0x00000000e0000000,0x00000000e8400000)
  from space 11264K, 99% used [0x00000000e8400000,0x00000000e8efcba0,0x00000000e8f00000)
  to   space 16384K, 0% used [0x00000000eb480000,0x00000000eb480000,0x00000000ec480000)
 ParOldGen       total 49664K, used 27575K [0x00000000a0000000, 0x00000000a3080000, 0x00000000e0000000)
  object space 49664K, 55% used [0x00000000a0000000,0x00000000a1aedfd8,0x00000000a3080000)
 Metaspace       used 54550K, capacity 56106K, committed 56408K, reserved 1097728K
  class space    used 7278K, capacity 7733K, committed 7808K, reserved 1048576K
}
Event: 74.992 GC heap before
{Heap before GC invocations=16 (full 2):
 PSYoungGen      total 146432K, used 47804K [0x00000000e0000000, 0x00000000ec480000, 0x0000000100000000)
  eden space 135168K, 27% used [0x00000000e0000000,0x00000000e23b26d0,0x00000000e8400000)
  from space 11264K, 99% used [0x00000000e8400000,0x00000000e8efcba0,0x00000000e8f00000)
  to   space 16384K, 0% used [0x00000000eb480000,0x00000000eb480000,0x00000000ec480000)
 ParOldGen       total 49664K, used 27575K [0x00000000a0000000, 0x00000000a3080000, 0x00000000e0000000)
  object space 49664K, 55% used [0x00000000a0000000,0x00000000a1aedfd8,0x00000000a3080000)
 Metaspace       used 57173K, capacity 58982K, committed 59028K, reserved 1099776K
  class space    used 7711K, capacity 8177K, committed 8192K, reserved 1048576K
Event: 75.020 GC heap after
Heap after GC invocations=16 (full 2):
 PSYoungGen      total 185344K, used 3885K [0x00000000e0000000, 0x00000000ed100000, 0x0000000100000000)
  eden space 168960K, 0% used [0x00000000e0000000,0x00000000e0000000,0x00000000ea500000)
  from space 16384K, 23% used [0x00000000eb480000,0x00000000eb84b4b8,0x00000000ec480000)
  to   space 15872K, 0% used [0x00000000ea500000,0x00000000ea500000,0x00000000eb480000)
 ParOldGen       total 49664K, used 34998K [0x00000000a0000000, 0x00000000a3080000, 0x00000000e0000000)
  object space 49664K, 70% used [0x00000000a0000000,0x00000000a222d9f8,0x00000000a3080000)
 Metaspace       used 57173K, capacity 58982K, committed 59028K, reserved 1099776K
  class space    used 7711K, capacity 8177K, committed 8192K, reserved 1048576K
}
Event: 75.020 GC heap before
{Heap before GC invocations=17 (full 3):
 PSYoungGen      total 185344K, used 3885K [0x00000000e0000000, 0x00000000ed100000, 0x0000000100000000)
  eden space 168960K, 0% used [0x00000000e0000000,0x00000000e0000000,0x00000000ea500000)
  from space 16384K, 23% used [0x00000000eb480000,0x00000000eb84b4b8,0x00000000ec480000)
  to   space 15872K, 0% used [0x00000000ea500000,0x00000000ea500000,0x00000000eb480000)
 ParOldGen       total 49664K, used 34998K [0x00000000a0000000, 0x00000000a3080000, 0x00000000e0000000)
  object space 49664K, 70% used [0x00000000a0000000,0x00000000a222d9f8,0x00000000a3080000)
 Metaspace       used 57173K, capacity 58982K, committed 59028K, reserved 1099776K
  class space    used 7711K, capacity 8177K, committed 8192K, reserved 1048576K
Event: 76.336 GC heap after
Heap after GC invocations=17 (full 3):
 PSYoungGen      total 185344K, used 0K [0x00000000e0000000, 0x00000000ed100000, 0x0000000100000000)
  eden space 168960K, 0% used [0x00000000e0000000,0x00000000e0000000,0x00000000ea500000)
  from space 16384K, 0% used [0x00000000eb480000,0x00000000eb480000,0x00000000ec480000)
  to   space 15872K, 0% used [0x00000000ea500000,0x00000000ea500000,0x00000000eb480000)
 ParOldGen       total 79360K, used 32188K [0x00000000a0000000, 0x00000000a4d80000, 0x00000000e0000000)
  object space 79360K, 40% used [0x00000000a0000000,0x00000000a1f6f050,0x00000000a4d80000)
 Metaspace       used 57173K, capacity 58982K, committed 59028K, reserved 1099776K
  class space    used 7711K, capacity 8177K, committed 8192K, reserved 1048576K
}

